2024-03-21T05:00:51 (34) created PID file '/data/zeoserver/zeoserver.pid'
2024-03-21T05:00:51 (34) opening storage u'1' using FileStorage
2024-03-21T05:00:52 (34) Blob directory /data/blobstorage does not exist. Selected `bushy` layout. 
2024-03-21T05:00:52 (34) Blob directory '/data/blobstorage/' does not exist. Created new directory.
2024-03-21T05:00:52 (34) Blob temporary directory '/data/blobstorage/tmp' does not exist. Created new directory.
2024-03-21T05:00:54 StorageServer created RW with storages: 1:RW:/data/filestorage/Data.fs
2024-03-21T05:00:54 listening on ('', 8080)
2024-03-21T05:01:33 Connected server protocol
2024-03-21T05:01:33 Connected server protocol
2024-03-21T05:01:33 received handshake 'Z5'
2024-03-21T05:01:33 received handshake 'Z5'
2024-03-21T05:01:33 Bad request, 'vote'
Traceback (most recent call last):
  File "/home/senaite/senaitelims/eggs/cp27mu/ZEO-5.3.0-py2.7.egg/ZEO/asyncio/server.py", line 103, in message_received
    result = getattr(self.zeo_storage, name)(*args)
  File "/home/senaite/senaitelims/eggs/cp27mu/ZEO-5.3.0-py2.7.egg/ZEO/StorageServer.py", line 374, in vote
    return self.lock_manager.lock(self, self._vote)
  File "/home/senaite/senaitelims/eggs/cp27mu/ZEO-5.3.0-py2.7.egg/ZEO/StorageServer.py", line 1168, in lock
    result = func()
  File "/home/senaite/senaitelims/eggs/cp27mu/ZEO-5.3.0-py2.7.egg/ZEO/StorageServer.py", line 395, in _vote
    getattr(self, op)(*args)
  File "/home/senaite/senaitelims/eggs/cp27mu/ZEO-5.3.0-py2.7.egg/ZEO/StorageServer.py", line 529, in _store
    self.storage.store(oid, serial, data, '', self.transaction)
  File "/home/senaite/senaitelims/eggs/cp27mu/ZODB-5.8.0-py2.7.egg/ZODB/FileStorage/FileStorage.py", line 616, in store
    oldserial, data)
  File "/home/senaite/senaitelims/eggs/cp27mu/ZODB-5.8.0-py2.7.egg/ZODB/ConflictResolution.py", line 311, in tryToResolveConflict
    data=newpickle)
ConflictError: database conflict error (oid 0x00, class persistent.mapping.PersistentMapping, serial this txn started with 0x00 1900-01-01 00:00:00.000000, serial currently committed 0x03f75c6d902b9f33 2024-03-21 05:01:33.789937)
2024-03-21T05:01:33 (:8080) no current transaction: tpc_abort()
2024-03-21T05:01:33 (:8080) disconnected
2024-03-21T05:03:46 (:8080) disconnected
2024-03-21T05:53:50 (35) created PID file '/data/zeoserver/zeoserver.pid'
2024-03-21T05:53:50 (35) opening storage u'1' using FileStorage
2024-03-21T05:53:50 Ignoring index for /data/filestorage/Data.fs
2024-03-21T05:53:50 StorageServer created RW with storages: 1:RW:/data/filestorage/Data.fs
2024-03-21T05:53:50 listening on ('', 8080)
2024-03-21T05:53:59 Connected server protocol
2024-03-21T05:53:59 received handshake 'Z5'
2024-03-21T05:53:59 Connected server protocol
2024-03-21T05:53:59 received handshake 'Z5'
2024-03-21T06:19:47 Unexpected error while trying to resolve conflict on <type 'BTrees.IOBTree.IOBucket'>
Traceback (most recent call last):
  File "/home/senaite/senaitelims/eggs/cp27mu/ZODB-5.8.0-py2.7.egg/ZODB/ConflictResolution.py", line 286, in tryToResolveConflict
    newstate = unpickler.load()
UnpicklingError: NEWOBJ class argument isn't a type object
2024-03-21T06:19:48 Bad request, 'vote'
Traceback (most recent call last):
  File "/home/senaite/senaitelims/eggs/cp27mu/ZEO-5.3.0-py2.7.egg/ZEO/asyncio/server.py", line 103, in message_received
    result = getattr(self.zeo_storage, name)(*args)
  File "/home/senaite/senaitelims/eggs/cp27mu/ZEO-5.3.0-py2.7.egg/ZEO/StorageServer.py", line 374, in vote
    return self.lock_manager.lock(self, self._vote)
  File "/home/senaite/senaitelims/eggs/cp27mu/ZEO-5.3.0-py2.7.egg/ZEO/StorageServer.py", line 1168, in lock
    result = func()
  File "/home/senaite/senaitelims/eggs/cp27mu/ZEO-5.3.0-py2.7.egg/ZEO/StorageServer.py", line 395, in _vote
    getattr(self, op)(*args)
  File "/home/senaite/senaitelims/eggs/cp27mu/ZEO-5.3.0-py2.7.egg/ZEO/StorageServer.py", line 529, in _store
    self.storage.store(oid, serial, data, '', self.transaction)
  File "/home/senaite/senaitelims/eggs/cp27mu/ZODB-5.8.0-py2.7.egg/ZODB/FileStorage/FileStorage.py", line 616, in store
    oldserial, data)
  File "/home/senaite/senaitelims/eggs/cp27mu/ZODB-5.8.0-py2.7.egg/ZODB/ConflictResolution.py", line 311, in tryToResolveConflict
    data=newpickle)
ConflictError: database conflict error (oid 0x2b93, class BTrees.IOBTree.IOBucket, serial this txn started with 0x03f75cba311df955 2024-03-21 06:18:11.511817, serial currently committed 0x03f75cbbcb8d7f66 2024-03-21 06:19:47.707670)
2024-03-21T06:19:48 (:8080) no current transaction: tpc_abort()
2024-03-21T06:21:12 Unexpected error while trying to resolve conflict on <type 'BTrees.OIBTree.OIBucket'>
Traceback (most recent call last):
  File "/home/senaite/senaitelims/eggs/cp27mu/ZODB-5.8.0-py2.7.egg/ZODB/ConflictResolution.py", line 286, in tryToResolveConflict
    newstate = unpickler.load()
UnpicklingError: NEWOBJ class argument isn't a type object
2024-03-21T06:21:12 Bad request, 'vote'
Traceback (most recent call last):
  File "/home/senaite/senaitelims/eggs/cp27mu/ZEO-5.3.0-py2.7.egg/ZEO/asyncio/server.py", line 103, in message_received
    result = getattr(self.zeo_storage, name)(*args)
  File "/home/senaite/senaitelims/eggs/cp27mu/ZEO-5.3.0-py2.7.egg/ZEO/StorageServer.py", line 374, in vote
    return self.lock_manager.lock(self, self._vote)
  File "/home/senaite/senaitelims/eggs/cp27mu/ZEO-5.3.0-py2.7.egg/ZEO/StorageServer.py", line 1168, in lock
    result = func()
  File "/home/senaite/senaitelims/eggs/cp27mu/ZEO-5.3.0-py2.7.egg/ZEO/StorageServer.py", line 395, in _vote
    getattr(self, op)(*args)
  File "/home/senaite/senaitelims/eggs/cp27mu/ZEO-5.3.0-py2.7.egg/ZEO/StorageServer.py", line 529, in _store
    self.storage.store(oid, serial, data, '', self.transaction)
  File "/home/senaite/senaitelims/eggs/cp27mu/ZODB-5.8.0-py2.7.egg/ZODB/FileStorage/FileStorage.py", line 616, in store
    oldserial, data)
  File "/home/senaite/senaitelims/eggs/cp27mu/ZODB-5.8.0-py2.7.egg/ZODB/ConflictResolution.py", line 311, in tryToResolveConflict
    data=newpickle)
ConflictError: database conflict error (oid 0x4766, class BTrees.OIBTree.OIBucket, serial this txn started with 0x03f75cbd2889f7ee 2024-03-21 06:21:09.501314, serial currently committed 0x03f75cbd33ed8e55 2024-03-21 06:21:12.170614)
2024-03-21T06:21:12 (:8080) no current transaction: tpc_abort()
2024-03-21T09:18:27 (37) created PID file '/data/zeoserver/zeoserver.pid'
2024-03-21T09:18:27 (37) opening storage u'1' using FileStorage
2024-03-21T09:18:28 StorageServer created RW with storages: 1:RW:/data/filestorage/Data.fs
2024-03-21T09:18:28 listening on ('', 8080)
2024-03-21T09:18:38 Connected server protocol
2024-03-21T09:18:38 received handshake 'Z5'
2024-03-21T09:18:38 Connected server protocol
2024-03-21T09:18:38 received handshake 'Z5'
2024-03-21T09:21:04 (35) created PID file '/data/zeoserver/zeoserver.pid'
2024-03-21T09:21:04 (35) opening storage u'1' using FileStorage
2024-03-21T09:21:04 StorageServer created RW with storages: 1:RW:/data/filestorage/Data.fs
2024-03-21T09:21:04 listening on ('', 8080)
2024-03-21T09:21:10 Connected server protocol
2024-03-21T09:21:10 Connected server protocol
2024-03-21T09:21:10 received handshake 'Z5'
2024-03-21T09:21:10 received handshake 'Z5'
2024-03-21T09:23:23 (:8080) disconnected
2024-03-21T09:23:23 (:8080) disconnected
2024-03-21T09:23:42 (36) created PID file '/data/zeoserver/zeoserver.pid'
2024-03-21T09:23:42 (36) opening storage u'1' using FileStorage
2024-03-21T09:23:43 StorageServer created RW with storages: 1:RW:/data/filestorage/Data.fs
2024-03-21T09:23:43 listening on ('', 8080)
2024-03-21T09:23:49 Connected server protocol
2024-03-21T09:23:49 received handshake 'Z5'
2024-03-21T09:23:49 Connected server protocol
2024-03-21T09:23:49 received handshake 'Z5'
2024-03-21T09:27:07 (:8080) disconnected
2024-03-21T09:27:07 (:8080) disconnected
2024-03-21T09:27:18 Connected server protocol
2024-03-21T09:27:18 received handshake 'Z5'
2024-03-21T09:27:18 Connected server protocol
2024-03-21T09:27:18 received handshake 'Z5'
2024-03-21T09:32:13 (:8080) disconnected
2024-03-21T09:32:25 Connected server protocol
2024-03-21T09:32:25 received handshake 'Z5'
2024-03-21T09:40:42 (:8080) disconnected
2024-03-21T09:40:51 Connected server protocol
2024-03-21T09:40:51 received handshake 'Z5'
2024-03-21T10:00:59 (:8080) disconnected
2024-03-21T10:01:10 Connected server protocol
2024-03-21T10:01:10 received handshake 'Z5'
2024-03-21T10:01:40 (:8080) disconnected
2024-03-21T10:01:50 Connected server protocol
2024-03-21T10:01:50 received handshake 'Z5'
2024-03-21T10:04:27 (:8080) disconnected
2024-03-21T10:04:36 Connected server protocol
2024-03-21T10:04:36 received handshake 'Z5'
2024-03-21T10:06:16 (:8080) disconnected
2024-03-21T10:06:25 Connected server protocol
2024-03-21T10:06:25 received handshake 'Z5'
2024-03-21T10:07:12 (:8080) disconnected
2024-03-21T10:07:21 Connected server protocol
2024-03-21T10:07:21 received handshake 'Z5'
2024-03-21T10:07:39 (:8080) disconnected
2024-03-21T10:07:48 Connected server protocol
2024-03-21T10:07:48 received handshake 'Z5'
2024-03-21T10:08:27 (:8080) disconnected
2024-03-21T10:08:35 Connected server protocol
2024-03-21T10:08:35 received handshake 'Z5'
2024-03-21T10:10:23 (:8080) disconnected
2024-03-21T10:10:32 Connected server protocol
2024-03-21T10:10:32 received handshake 'Z5'
2024-03-21T10:12:56 (:8080) disconnected
2024-03-21T10:13:06 Connected server protocol
2024-03-21T10:13:06 received handshake 'Z5'
2024-03-21T10:13:36 (:8080) disconnected
2024-03-21T10:13:44 Connected server protocol
2024-03-21T10:13:44 received handshake 'Z5'
2024-03-21T10:17:14 (:8080) disconnected
2024-03-21T10:17:23 Connected server protocol
2024-03-21T10:17:23 received handshake 'Z5'
2024-03-21T10:19:16 (:8080) disconnected
2024-03-21T10:19:24 Connected server protocol
2024-03-21T10:19:24 received handshake 'Z5'
2024-03-21T10:25:45 (:8080) disconnected
2024-03-21T10:25:57 Connected server protocol
2024-03-21T10:25:57 received handshake 'Z5'
2024-03-21T10:27:30 (:8080) disconnected
2024-03-21T10:27:37 Connected server protocol
2024-03-21T10:27:37 received handshake 'Z5'
2024-03-21T10:28:37 (:8080) disconnected
2024-03-21T10:28:45 Connected server protocol
2024-03-21T10:28:45 received handshake 'Z5'
2024-03-21T10:30:41 (:8080) disconnected
2024-03-21T10:30:49 Connected server protocol
2024-03-21T10:30:49 received handshake 'Z5'
2024-03-21T10:31:43 (:8080) disconnected
2024-03-21T10:31:52 Connected server protocol
2024-03-21T10:31:52 received handshake 'Z5'
2024-03-21T10:33:07 (:8080) disconnected
2024-03-21T10:33:15 Connected server protocol
2024-03-21T10:33:15 received handshake 'Z5'
2024-03-21T10:36:40 (:8080) disconnected
2024-03-21T10:36:48 Connected server protocol
2024-03-21T10:36:48 received handshake 'Z5'
2024-03-21T11:00:06 (:8080) disconnected
2024-03-21T11:00:18 Connected server protocol
2024-03-21T11:00:18 received handshake 'Z5'
2024-03-21T11:01:32 (:8080) disconnected
2024-03-21T11:01:39 Connected server protocol
2024-03-21T11:01:39 received handshake 'Z5'
2024-03-21T11:03:06 (:8080) disconnected
2024-03-21T11:03:14 Connected server protocol
2024-03-21T11:03:14 received handshake 'Z5'
2024-03-21T11:04:31 (:8080) disconnected
2024-03-21T11:04:39 Connected server protocol
2024-03-21T11:04:39 received handshake 'Z5'
2024-03-22T05:28:46 (35) created PID file '/data/zeoserver/zeoserver.pid'
2024-03-22T05:28:46 (35) opening storage u'1' using FileStorage
2024-03-22T05:28:47 StorageServer created RW with storages: 1:RW:/data/filestorage/Data.fs
2024-03-22T05:28:47 listening on ('', 8080)
2024-03-22T05:28:59 Connected server protocol
2024-03-22T05:28:59 received handshake 'Z5'
2024-03-22T05:28:59 Connected server protocol
2024-03-22T05:28:59 received handshake 'Z5'
2024-03-22T06:53:48 (:8080) disconnected
2024-03-22T06:53:55 Connected server protocol
2024-03-22T06:53:55 received handshake 'Z5'
2024-03-22T06:55:19 (34) created PID file '/data/zeoserver/zeoserver.pid'
2024-03-22T06:55:19 (34) opening storage u'1' using FileStorage
2024-03-22T06:55:19 StorageServer created RW with storages: 1:RW:/data/filestorage/Data.fs
2024-03-22T06:55:20 listening on ('', 8080)
2024-03-22T06:55:25 Connected server protocol
2024-03-22T06:55:25 received handshake 'Z5'
2024-03-22T06:55:26 Connected server protocol
2024-03-22T06:55:26 received handshake 'Z5'
2024-03-22T08:40:26 (:8080) disconnected
2024-03-22T08:40:33 Connected server protocol
2024-03-22T08:40:33 received handshake 'Z5'
2024-03-25T05:40:33 (:8080) disconnected
2024-03-25T05:40:42 Connected server protocol
2024-03-25T05:40:42 received handshake 'Z5'
2024-03-25T05:48:50 (36) created PID file '/data/zeoserver/zeoserver.pid'
2024-03-25T05:48:50 (36) opening storage u'1' using FileStorage
2024-03-25T05:48:50 StorageServer created RW with storages: 1:RW:/data/filestorage/Data.fs
2024-03-25T05:48:50 listening on ('', 8080)
2024-03-25T05:48:56 Connected server protocol
2024-03-25T05:48:56 received handshake 'Z5'
2024-03-25T05:48:56 Connected server protocol
2024-03-25T05:48:56 received handshake 'Z5'
2024-03-25T06:18:31 (:8080) disconnected
2024-03-25T06:18:38 Connected server protocol
2024-03-25T06:18:38 received handshake 'Z5'
2024-03-25T07:37:55 (:8080) disconnected
2024-03-25T07:38:02 Connected server protocol
2024-03-25T07:38:02 received handshake 'Z5'
2024-03-25T10:51:41 (34) created PID file '/data/zeoserver/zeoserver.pid'
2024-03-25T10:51:41 (34) opening storage u'1' using FileStorage
2024-03-25T10:51:42 StorageServer created RW with storages: 1:RW:/data/filestorage/Data.fs
2024-03-25T10:51:42 listening on ('', 8080)
2024-03-25T10:51:52 Connected server protocol
2024-03-25T10:51:52 Connected server protocol
2024-03-25T10:51:52 received handshake 'Z5'
2024-03-25T10:51:52 received handshake 'Z5'
2024-03-26T06:34:23 (:8080) disconnected
2024-03-26T06:34:30 Connected server protocol
2024-03-26T06:34:30 received handshake 'Z5'
2024-03-26T06:39:48 (:8080) disconnected
2024-03-26T06:39:54 Connected server protocol
2024-03-26T06:39:54 received handshake 'Z5'
2024-03-26T06:41:14 (:8080) disconnected
2024-03-26T06:41:20 Connected server protocol
2024-03-26T06:41:20 received handshake 'Z5'
2024-03-26T06:42:16 (:8080) disconnected
2024-03-26T06:42:22 Connected server protocol
2024-03-26T06:42:22 received handshake 'Z5'
2024-03-26T06:43:47 (:8080) disconnected
2024-03-26T06:43:53 Connected server protocol
2024-03-26T06:43:53 received handshake 'Z5'
2024-03-26T06:46:26 (:8080) disconnected
2024-03-26T06:46:33 Connected server protocol
2024-03-26T06:46:33 received handshake 'Z5'
2024-03-26T06:48:40 (:8080) disconnected
2024-03-26T06:48:47 Connected server protocol
2024-03-26T06:48:47 received handshake 'Z5'
2024-03-26T06:50:26 (:8080) disconnected
2024-03-26T06:50:33 Connected server protocol
2024-03-26T06:50:33 received handshake 'Z5'
2024-03-26T06:57:12 (:8080) disconnected
2024-03-26T06:57:23 Connected server protocol
2024-03-26T06:57:23 received handshake 'Z5'
2024-03-26T06:58:47 (:8080) disconnected
2024-03-26T06:58:53 Connected server protocol
2024-03-26T06:58:53 received handshake 'Z5'
2024-03-26T07:05:10 (:8080) disconnected
2024-03-26T07:05:17 Connected server protocol
2024-03-26T07:05:17 received handshake 'Z5'
2024-03-26T07:38:51 (:8080) disconnected
2024-03-26T07:38:58 Connected server protocol
2024-03-26T07:38:58 received handshake 'Z5'
2024-03-26T07:40:48 (:8080) disconnected
2024-03-26T07:40:55 Connected server protocol
2024-03-26T07:40:55 received handshake 'Z5'
2024-03-26T07:41:10 (:8080) disconnected
2024-03-26T07:41:15 Connected server protocol
2024-03-26T07:41:15 received handshake 'Z5'
2024-03-26T08:57:32 (:8080) disconnected
2024-03-26T08:57:39 Connected server protocol
2024-03-26T08:57:39 received handshake 'Z5'
2024-03-26T08:59:37 (:8080) disconnected
2024-03-26T08:59:43 Connected server protocol
2024-03-26T08:59:43 received handshake 'Z5'
2024-03-26T09:01:00 (:8080) disconnected
2024-03-26T09:01:07 Connected server protocol
2024-03-26T09:01:07 received handshake 'Z5'
2024-03-26T09:01:56 (:8080) disconnected
2024-03-26T09:02:03 Connected server protocol
2024-03-26T09:02:03 received handshake 'Z5'
2024-03-26T09:04:19 (:8080) disconnected
2024-03-26T09:04:26 Connected server protocol
2024-03-26T09:04:26 received handshake 'Z5'
2024-03-26T09:05:46 (:8080) disconnected
2024-03-26T09:05:53 Connected server protocol
2024-03-26T09:05:53 received handshake 'Z5'
2024-03-26T09:06:54 (:8080) disconnected
2024-03-26T09:07:01 Connected server protocol
2024-03-26T09:07:01 received handshake 'Z5'
2024-03-26T09:07:53 (:8080) disconnected
2024-03-26T09:08:00 Connected server protocol
2024-03-26T09:08:00 received handshake 'Z5'
2024-03-26T09:09:51 (:8080) disconnected
2024-03-26T09:09:57 Connected server protocol
2024-03-26T09:09:57 received handshake 'Z5'
2024-03-26T09:18:09 (:8080) disconnected
2024-03-26T09:18:17 Connected server protocol
2024-03-26T09:18:17 received handshake 'Z5'
2024-03-26T09:20:27 (:8080) disconnected
2024-03-26T09:20:33 Connected server protocol
2024-03-26T09:20:33 received handshake 'Z5'
2024-03-26T09:22:36 (:8080) disconnected
2024-03-26T09:22:43 Connected server protocol
2024-03-26T09:22:43 received handshake 'Z5'
2024-03-26T09:25:45 (:8080) disconnected
2024-03-26T09:25:52 Connected server protocol
2024-03-26T09:25:52 received handshake 'Z5'
2024-03-26T09:26:54 (:8080) disconnected
2024-03-26T09:27:01 Connected server protocol
2024-03-26T09:27:01 received handshake 'Z5'
2024-03-26T09:33:31 (:8080) disconnected
2024-03-26T09:33:37 Connected server protocol
2024-03-26T09:33:37 received handshake 'Z5'
2024-03-26T09:52:35 (:8080) disconnected
2024-03-26T09:52:41 Connected server protocol
2024-03-26T09:52:41 received handshake 'Z5'
2024-03-26T11:00:27 (:8080) disconnected
2024-03-26T11:00:34 Connected server protocol
2024-03-26T11:00:34 received handshake 'Z5'
2024-03-26T11:21:30 (36) created PID file '/data/zeoserver/zeoserver.pid'
2024-03-26T11:21:30 (36) opening storage u'1' using FileStorage
2024-03-26T11:21:30 StorageServer created RW with storages: 1:RW:/data/filestorage/Data.fs
2024-03-26T11:21:30 listening on ('', 8080)
2024-03-26T11:21:36 Connected server protocol
2024-03-26T11:21:36 received handshake 'Z5'
2024-03-26T11:21:36 Connected server protocol
2024-03-26T11:21:36 received handshake 'Z5'
2024-03-26T11:21:41 (:8080) disconnected
2024-03-26T11:21:41 (:8080) disconnected
2024-03-26T11:21:49 Connected server protocol
2024-03-26T11:21:49 received handshake 'Z5'
2024-03-26T11:21:55 (:8080) disconnected
2024-03-26T11:23:30 Connected server protocol
2024-03-26T11:23:30 received handshake 'Z5'
2024-03-26T11:23:30 Connected server protocol
2024-03-26T11:23:30 received handshake 'Z5'
2024-03-26T11:23:35 (:8080) disconnected
2024-03-26T11:23:35 (:8080) disconnected
2024-03-26T11:26:42 Connected server protocol
2024-03-26T11:26:42 received handshake 'Z5'
2024-03-26T11:26:42 Connected server protocol
2024-03-26T11:26:42 received handshake 'Z5'
2024-03-26T11:26:48 (:8080) disconnected
2024-03-26T11:26:48 (:8080) disconnected
2024-03-26T11:27:46 Connected server protocol
2024-03-26T11:27:46 received handshake 'Z5'
2024-03-26T11:27:46 Connected server protocol
2024-03-26T11:27:46 received handshake 'Z5'
2024-03-26T11:28:57 (:8080) disconnected
2024-03-26T11:29:04 Connected server protocol
2024-03-26T11:29:04 received handshake 'Z5'
2024-03-26T18:33:46 (:8080) disconnected
2024-03-26T18:33:54 Connected server protocol
2024-03-26T18:33:54 received handshake 'Z5'
2024-03-26T18:35:54 (:8080) disconnected
2024-03-26T18:36:00 Connected server protocol
2024-03-26T18:36:00 received handshake 'Z5'
2024-03-26T18:42:15 (:8080) disconnected
2024-03-26T18:42:22 Connected server protocol
2024-03-26T18:42:22 received handshake 'Z5'
2024-03-26T18:46:07 (:8080) disconnected
2024-03-26T18:46:14 Connected server protocol
2024-03-26T18:46:14 received handshake 'Z5'
2024-03-26T18:50:14 (:8080) disconnected
2024-03-26T18:50:22 Connected server protocol
2024-03-26T18:50:22 received handshake 'Z5'
2024-03-26T18:51:28 (:8080) disconnected
2024-03-26T18:51:38 Connected server protocol
2024-03-26T18:51:38 received handshake 'Z5'
2024-03-26T18:52:33 (:8080) disconnected
2024-03-26T18:52:43 Connected server protocol
2024-03-26T18:52:43 received handshake 'Z5'
2024-03-26T18:56:13 (:8080) disconnected
2024-03-26T18:56:20 Connected server protocol
2024-03-26T18:56:20 received handshake 'Z5'
2024-03-26T19:15:55 (:8080) disconnected
2024-03-26T19:16:03 Connected server protocol
2024-03-26T19:16:03 received handshake 'Z5'
2024-03-26T19:18:38 (:8080) disconnected
2024-03-26T19:18:45 Connected server protocol
2024-03-26T19:18:45 received handshake 'Z5'
2024-03-27T04:42:17 (36) created PID file '/data/zeoserver/zeoserver.pid'
2024-03-27T04:42:17 (36) opening storage u'1' using FileStorage
2024-03-27T04:42:17 StorageServer created RW with storages: 1:RW:/data/filestorage/Data.fs
2024-03-27T04:42:18 listening on ('', 8080)
2024-03-27T04:42:26 Connected server protocol
2024-03-27T04:42:26 received handshake 'Z5'
2024-03-27T04:42:26 Connected server protocol
2024-03-27T04:42:26 received handshake 'Z5'
2024-03-27T04:47:48 (:8080) disconnected
2024-03-27T04:47:56 Connected server protocol
2024-03-27T04:47:56 received handshake 'Z5'
2024-03-27T04:49:43 (:8080) disconnected
2024-03-27T04:49:50 Connected server protocol
2024-03-27T04:49:50 received handshake 'Z5'
2024-03-27T04:52:40 (:8080) disconnected
2024-03-27T04:52:47 Connected server protocol
2024-03-27T04:52:47 received handshake 'Z5'
2024-03-27T04:59:47 (:8080) disconnected
2024-03-27T04:59:56 Connected server protocol
2024-03-27T04:59:56 received handshake 'Z5'
2024-03-27T05:03:43 (:8080) disconnected
2024-03-27T05:03:50 Connected server protocol
2024-03-27T05:03:50 received handshake 'Z5'
2024-03-27T05:05:59 (:8080) disconnected
2024-03-27T05:06:06 Connected server protocol
2024-03-27T05:06:06 received handshake 'Z5'
2024-03-27T05:08:58 (:8080) disconnected
2024-03-27T05:09:04 Connected server protocol
2024-03-27T05:09:04 received handshake 'Z5'
2024-03-27T05:35:03 (:8080) disconnected
2024-03-27T05:35:11 Connected server protocol
2024-03-27T05:35:11 received handshake 'Z5'
2024-03-27T05:39:34 (:8080) disconnected
2024-03-27T05:39:41 Connected server protocol
2024-03-27T05:39:41 received handshake 'Z5'
2024-03-27T05:43:41 (:8080) disconnected
2024-03-27T05:43:49 Connected server protocol
2024-03-27T05:43:49 received handshake 'Z5'
2024-03-27T05:45:55 (:8080) disconnected
2024-03-27T05:46:02 Connected server protocol
2024-03-27T05:46:02 received handshake 'Z5'
